<?xml version="1.0"?><coverage lines-covered="2172" lines-valid="4419" line-rate="0.49151391717583165" branches-covered="0" branches-valid="0" branch-rate="0" complexity="0" version="1.9" timestamp="1770849258"><sources><source>/app</source></sources><packages><package name="src/app/commands/run/layer" line-rate="0" branch-rate="0" complexity="0"><classes><class name="decider" filename="src/app/commands/run/layer/decider.rs" line-rate="0" branch-rate="0" complexity="0"><methods/><lines><line number="13" hits="0"/><line number="18" hits="0"/><line number="19" hits="0"/><line number="21" hits="0"/><line number="22" hits="0"/><line number="23" hits="0"/><line number="25" hits="0"/><line number="26" hits="0"/><line number="28" hits="0"/><line number="29" hits="0"/><line number="30" hits="0"/><line number="31" hits="0"/><line number="32" hits="0"/><line number="36" hits="0"/><line number="37" hits="0"/><line number="38" hits="0"/><line number="42" hits="0"/><line number="43" hits="0"/><line number="48" hits="0"/><line number="49" hits="0"/><line number="50" hits="0"/><line number="52" hits="0"/><line number="53" hits="0"/><line number="54" hits="0"/><line number="55" hits="0"/></lines></class><class name="implementer" filename="src/app/commands/run/layer/implementer.rs" line-rate="0" branch-rate="0" complexity="0"><methods/><lines><line number="18" hits="0"/><line number="27" hits="0"/><line number="29" hits="0"/><line number="30" hits="0"/><line number="32" hits="0"/><line number="33" hits="0"/><line number="35" hits="0"/><line number="36" hits="0"/><line number="37" hits="0"/><line number="38" hits="0"/><line number="39" hits="0"/><line number="40" hits="0"/><line number="44" hits="0"/><line number="45" hits="0"/><line number="47" hits="0"/><line number="48" hits="0"/><line number="49" hits="0"/><line number="50" hits="0"/><line number="51" hits="0"/><line number="52" hits="0"/><line number="55" hits="0"/><line number="56" hits="0"/><line number="58" hits="0"/><line number="59" hits="0"/><line number="60" hits="0"/><line number="63" hits="0"/><line number="64" hits="0"/><line number="65" hits="0"/><line number="66" hits="0"/><line number="71" hits="0"/><line number="79" hits="0"/><line number="81" hits="0"/><line number="83" hits="0"/><line number="84" hits="0"/><line number="88" hits="0"/><line number="89" hits="0"/><line number="94" hits="0"/><line number="95" hits="0"/><line number="97" hits="0"/><line number="100" hits="0"/><line number="105" hits="0"/><line number="106" hits="0"/><line number="107" hits="0"/><line number="108" hits="0"/><line number="109" hits="0"/><line number="115" hits="0"/><line number="116" hits="0"/><line number="117" hits="0"/><line number="119" hits="0"/><line number="121" hits="0"/><line number="122" hits="0"/><line number="126" hits="0"/><line number="127" hits="0"/><line number="133" hits="0"/><line number="139" hits="0"/><line number="144" hits="0"/><line number="146" hits="0"/><line number="147" hits="0"/><line number="148" hits="0"/><line number="149" hits="0"/><line number="150" hits="0"/><line number="155" hits="0"/><line number="161" hits="0"/><line number="162" hits="0"/><line number="163" hits="0"/><line number="165" hits="0"/><line number="166" hits="0"/><line number="168" hits="0"/><line number="169" hits="0"/><line number="170" hits="0"/><line number="173" hits="0"/><line number="174" hits="0"/><line number="175" hits="0"/><line number="177" hits="0"/><line number="179" hits="0"/><line number="180" hits="0"/></lines></class><class name="innovators" filename="src/app/commands/run/layer/innovators.rs" line-rate="0" branch-rate="0" complexity="0"><methods/><lines><line number="17" hits="0"/><line number="22" hits="0"/><line number="23" hits="0"/><line number="25" hits="0"/><line number="27" hits="0"/><line number="28" hits="0"/><line number="30" hits="0"/><line number="31" hits="0"/><line number="33" hits="0"/><line number="34" hits="0"/><line number="35" hits="0"/><line number="38" hits="0"/><line number="39" hits="0"/><line number="40" hits="0"/><line number="42" hits="0"/><line number="43" hits="0"/><line number="44" hits="0"/><line number="45" hits="0"/><line number="46" hits="0"/><line number="47" hits="0"/><line number="50" hits="0"/><line number="51" hits="0"/><line number="52" hits="0"/><line number="54" hits="0"/><line number="55" hits="0"/><line number="56" hits="0"/><line number="57" hits="0"/><line number="58" hits="0"/><line number="59" hits="0"/><line number="62" hits="0"/><line number="67" hits="0"/><line number="72" hits="0"/><line number="73" hits="0"/><line number="74" hits="0"/><line number="75" hits="0"/><line number="76" hits="0"/><line number="77" hits="0"/><line number="78" hits="0"/><line number="82" hits="0"/><line number="83" hits="0"/><line number="84" hits="0"/><line number="85" hits="0"/><line number="86" hits="0"/><line number="87" hits="0"/></lines></class><class name="narrator" filename="src/app/commands/run/layer/narrator.rs" line-rate="0" branch-rate="0" complexity="0"><methods/><lines><line number="19" hits="0"/><line number="30" hits="0"/><line number="31" hits="0"/><line number="32" hits="0"/><line number="35" hits="0"/><line number="36" hits="0"/><line number="39" hits="0"/><line number="42" hits="0"/><line number="43" hits="0"/><line number="45" hits="0"/><line number="46" hits="0"/><line number="47" hits="0"/><line number="48" hits="0"/><line number="49" hits="0"/><line number="50" hits="0"/><line number="54" hits="0"/><line number="56" hits="0"/><line number="57" hits="0"/><line number="58" hits="0"/><line number="59" hits="0"/><line number="60" hits="0"/><line number="61" hits="0"/><line number="62" hits="0"/><line number="63" hits="0"/><line number="67" hits="0"/><line number="68" hits="0"/><line number="69" hits="0"/><line number="73" hits="0"/><line number="74" hits="0"/><line number="83" hits="0"/><line number="84" hits="0"/><line number="85" hits="0"/><line number="86" hits="0"/><line number="87" hits="0"/><line number="88" hits="0"/><line number="89" hits="0"/><line number="92" hits="0"/><line number="93" hits="0"/><line number="94" hits="0"/><line number="100" hits="0"/><line number="106" hits="0"/><line number="107" hits="0"/><line number="108" hits="0"/><line number="111" hits="0"/><line number="112" hits="0"/><line number="113" hits="0"/><line number="116" hits="0"/><line number="117" hits="0"/><line number="119" hits="0"/><line number="121" hits="0"/><line number="124" hits="0"/><line number="125" hits="0"/><line number="126" hits="0"/><line number="127" hits="0"/><line number="132" hits="0"/><line number="136" hits="0"/><line number="137" hits="0"/><line number="138" hits="0"/><line number="140" hits="0"/><line number="141" hits="0"/><line number="142" hits="0"/><line number="143" hits="0"/><line number="145" hits="0"/><line number="149" hits="0"/><line number="150" hits="0"/><line number="151" hits="0"/><line number="153" hits="0"/><line number="154" hits="0"/><line number="155" hits="0"/><line number="156" hits="0"/><line number="158" hits="0"/><line number="159" hits="0"/><line number="160" hits="0"/><line number="162" hits="0"/><line number="164" hits="0"/><line number="167" hits="0"/><line number="173" hits="0"/><line number="182" hits="0"/><line number="183" hits="0"/><line number="184" hits="0"/><line number="186" hits="0"/><line number="190" hits="0"/><line number="191" hits="0"/><line number="192" hits="0"/><line number="193" hits="0"/><line number="194" hits="0"/><line number="195" hits="0"/><line number="196" hits="0"/><line number="198" hits="0"/><line number="199" hits="0"/><line number="200" hits="0"/><line number="203" hits="0"/><line number="208" hits="0"/><line number="213" hits="0"/><line number="214" hits="0"/><line number="215" hits="0"/><line number="216" hits="0"/><line number="219" hits="0"/><line number="220" hits="0"/><line number="222" hits="0"/><line number="223" hits="0"/></lines></class><class name="observers" filename="src/app/commands/run/layer/observers.rs" line-rate="0" branch-rate="0" complexity="0"><methods/><lines><line number="17" hits="0"/><line number="22" hits="0"/><line number="23" hits="0"/><line number="25" hits="0"/><line number="27" hits="0"/><line number="28" hits="0"/><line number="30" hits="0"/><line number="31" hits="0"/><line number="33" hits="0"/><line number="34" hits="0"/><line number="35" hits="0"/><line number="37" hits="0"/><line number="38" hits="0"/><line number="39" hits="0"/><line number="40" hits="0"/><line number="41" hits="0"/><line number="42" hits="0"/><line number="45" hits="0"/><line number="46" hits="0"/><line number="47" hits="0"/><line number="49" hits="0"/><line number="50" hits="0"/><line number="51" hits="0"/><line number="52" hits="0"/><line number="53" hits="0"/><line number="54" hits="0"/><line number="57" hits="0"/><line number="62" hits="0"/><line number="66" hits="0"/><line number="67" hits="0"/><line number="69" hits="0"/><line number="70" hits="0"/><line number="72" hits="0"/><line number="73" hits="0"/><line number="74" hits="0"/><line number="75" hits="0"/><line number="80" hits="0"/><line number="81" hits="0"/><line number="84" hits="0"/><line number="85" hits="0"/><line number="86" hits="0"/><line number="87" hits="0"/><line number="88" hits="0"/></lines></class><class name="planner" filename="src/app/commands/run/layer/planner.rs" line-rate="0" branch-rate="0" complexity="0"><methods/><lines><line number="15" hits="0"/><line number="24" hits="0"/><line number="25" hits="0"/><line number="26" hits="0"/><line number="28" hits="0"/><line number="30" hits="0"/><line number="32" hits="0"/><line number="33" hits="0"/><line number="34" hits="0"/><line number="35" hits="0"/><line number="36" hits="0"/><line number="38" hits="0"/><line number="39" hits="0"/><line number="40" hits="0"/><line number="41" hits="0"/><line number="45" hits="0"/><line number="46" hits="0"/><line number="48" hits="0"/><line number="49" hits="0"/><line number="50" hits="0"/><line number="51" hits="0"/><line number="52" hits="0"/><line number="53" hits="0"/><line number="54" hits="0"/><line number="57" hits="0"/><line number="58" hits="0"/><line number="59" hits="0"/><line number="60" hits="0"/><line number="65" hits="0"/><line number="74" hits="0"/><line number="76" hits="0"/><line number="78" hits="0"/><line number="79" hits="0"/><line number="80" hits="0"/><line number="84" hits="0"/><line number="85" hits="0"/><line number="90" hits="0"/><line number="91" hits="0"/><line number="93" hits="0"/><line number="96" hits="0"/><line number="100" hits="0"/><line number="103" hits="0"/><line number="110" hits="0"/><line number="111" hits="0"/><line number="112" hits="0"/><line number="114" hits="0"/><line number="115" hits="0"/><line number="117" hits="0"/><line number="118" hits="0"/><line number="119" hits="0"/><line number="122" hits="0"/><line number="123" hits="0"/><line number="124" hits="0"/><line number="125" hits="0"/><line number="127" hits="0"/><line number="128" hits="0"/><line number="129" hits="0"/><line number="133" hits="0"/><line number="134" hits="0"/></lines></class></classes></package><package name="src/adapters/assets" line-rate="0.8365758754863813" branch-rate="0" complexity="0"><classes><class name="builtin_role_assets" filename="src/adapters/assets/builtin_role_assets.rs" line-rate="0.82" branch-rate="0" complexity="0"><methods/><lines><line number="17" hits="3"/><line number="18" hits="3"/><line number="19" hits="3"/><line number="21" hits="3"/><line number="22" hits="3"/><line number="24" hits="9"/><line number="25" hits="6"/><line number="26" hits="6"/><line number="28" hits="6"/><line number="29" hits="0"/><line number="31" hits="3"/><line number="32" hits="0"/><line number="35" hits="6"/><line number="36" hits="0"/><line number="42" hits="6"/><line number="43" hits="0"/><line number="49" hits="6"/><line number="50" hits="0"/><line number="56" hits="6"/><line number="57" hits="3"/><line number="58" hits="0"/><line number="64" hits="3"/><line number="66" hits="3"/><line number="67" hits="3"/><line number="68" hits="3"/><line number="69" hits="3"/><line number="73" hits="3"/><line number="76" hits="3"/><line number="77" hits="6"/><line number="78" hits="3"/><line number="79" hits="3"/><line number="81" hits="3"/><line number="82" hits="0"/><line number="86" hits="3"/><line number="87" hits="3"/><line number="88" hits="6"/><line number="89" hits="0"/><line number="93" hits="3"/><line number="94" hits="6"/><line number="95" hits="3"/><line number="96" hits="3"/><line number="97" hits="3"/><line number="98" hits="3"/><line number="99" hits="3"/><line number="102" hits="3"/><line number="107" hits="3"/><line number="108" hits="3"/><line number="109" hits="9"/><line number="110" hits="0"/><line number="116" hits="3"/></lines></class><class name="component_catalog_embedded" filename="src/adapters/assets/component_catalog_embedded.rs" line-rate="0.6410256410256411" branch-rate="0" complexity="0"><methods/><lines><line number="37" hits="2"/><line number="38" hits="2"/><line number="40" hits="6"/><line number="41" hits="8"/><line number="43" hits="2"/><line number="44" hits="2"/><line number="46" hits="2"/><line number="50" hits="2"/><line number="52" hits="0"/><line number="53" hits="0"/><line number="56" hits="2"/><line number="58" hits="0"/><line number="59" hits="0"/><line number="62" hits="2"/><line number="64" hits="0"/><line number="65" hits="0"/><line number="68" hits="4"/><line number="69" hits="4"/><line number="71" hits="0"/><line number="72" hits="0"/><line number="75" hits="2"/><line number="76" hits="4"/><line number="77" hits="0"/><line number="78" hits="0"/><line number="79" hits="0"/><line number="80" hits="0"/><line number="87" hits="2"/><line number="89" hits="2"/><line number="90" hits="2"/><line number="93" hits="4"/><line number="96" hits="2"/><line number="101" hits="0"/><line number="102" hits="0"/><line number="107" hits="1"/><line number="108" hits="1"/><line number="111" hits="2"/><line number="112" hits="2"/><line number="115" hits="1"/><line number="116" hits="1"/></lines></class><class name="scaffold_assets" filename="src/adapters/assets/scaffold_assets.rs" line-rate="0.8679245283018868" branch-rate="0" complexity="0"><methods/><lines><line number="8" hits="1"/><line number="9" hits="1"/><line number="11" hits="3"/><line number="12" hits="1"/><line number="14" hits="1"/><line number="15" hits="0"/><line number="18" hits="1"/><line number="20" hits="3"/><line number="21" hits="3"/><line number="22" hits="1"/><line number="23" hits="0"/><line number="24" hits="0"/><line number="28" hits="2"/><line number="29" hits="1"/><line number="32" hits="1"/><line number="33" hits="1"/><line number="35" hits="1"/><line number="37" hits="1"/><line number="38" hits="2"/><line number="39" hits="2"/><line number="40" hits="1"/><line number="42" hits="1"/><line number="46" hits="1"/><line number="47" hits="1"/><line number="50" hits="1"/><line number="51" hits="1"/><line number="53" hits="1"/><line number="54" hits="3"/><line number="55" hits="3"/><line number="63" hits="1"/><line number="64" hits="1"/><line number="65" hits="0"/><line number="66" hits="2"/><line number="67" hits="1"/><line number="68" hits="0"/><line number="69" hits="0"/><line number="71" hits="0"/><line number="75" hits="1"/><line number="76" hits="2"/><line number="77" hits="1"/><line number="79" hits="2"/><line number="82" hits="2"/><line number="87" hits="4"/><line number="88" hits="2"/><line number="91" hits="2"/><line number="92" hits="2"/><line number="94" hits="2"/><line number="101" hits="8"/><line number="106" hits="6"/><line number="107" hits="6"/><line number="110" hits="4"/><line number="111" hits="2"/><line number="117" hits="2"/></lines></class></classes></package><package name="src/app/cli" line-rate="0" branch-rate="0" complexity="0"><classes><class name="deinit" filename="src/app/cli/deinit.rs" line-rate="0" branch-rate="0" complexity="0"><methods/><lines><line number="5" hits="0"/><line number="6" hits="0"/><line number="8" hits="0"/><line number="9" hits="0"/><line number="11" hits="0"/><line number="14" hits="0"/><line number="15" hits="0"/><line number="17" hits="0"/><line number="20" hits="0"/><line number="21" hits="0"/><line number="23" hits="0"/><line number="24" hits="0"/><line number="26" hits="0"/><line number="27" hits="0"/><line number="34" hits="0"/><line number="35" hits="0"/></lines></class><class name="doctor" filename="src/app/cli/doctor.rs" line-rate="0" branch-rate="0" complexity="0"><methods/><lines><line number="5" hits="0"/><line number="6" hits="0"/><line number="7" hits="0"/><line number="9" hits="0"/></lines></class><class name="init" filename="src/app/cli/init.rs" line-rate="0" branch-rate="0" complexity="0"><methods/><lines><line number="5" hits="0"/><line number="6" hits="0"/><line number="7" hits="0"/><line number="8" hits="0"/><line number="9" hits="0"/><line number="11" hits="0"/><line number="12" hits="0"/><line number="15" hits="0"/><line number="16" hits="0"/><line number="17" hits="0"/></lines></class><class name="mod" filename="src/app/cli/mod.rs" line-rate="0" branch-rate="0" complexity="0"><methods/><lines><line number="100" hits="0"/><line number="101" hits="0"/><line number="103" hits="0"/><line number="104" hits="0"/><line number="105" hits="0"/><line number="106" hits="0"/><line number="107" hits="0"/><line number="108" hits="0"/><line number="109" hits="0"/><line number="110" hits="0"/><line number="112" hits="0"/><line number="113" hits="0"/><line number="114" hits="0"/><line number="115" hits="0"/><line number="118" hits="0"/><line number="119" hits="0"/><line number="120" hits="0"/><line number="121" hits="0"/><line number="124" hits="0"/><line number="125" hits="0"/><line number="126" hits="0"/><line number="131" hits="0"/><line number="132" hits="0"/><line number="133" hits="0"/><line number="134" hits="0"/><line number="135" hits="0"/><line number="137" hits="0"/><line number="142" hits="0"/><line number="145" hits="0"/><line number="147" hits="0"/><line number="148" hits="0"/><line number="149" hits="0"/><line number="150" hits="0"/><line number="151" hits="0"/><line number="155" hits="0"/><line number="156" hits="0"/><line number="157" hits="0"/><line number="158" hits="0"/><line number="160" hits="0"/><line number="162" hits="0"/><line number="163" hits="0"/><line number="164" hits="0"/><line number="166" hits="0"/><line number="167" hits="0"/><line number="169" hits="0"/><line number="170" hits="0"/><line number="175" hits="0"/><line number="178" hits="0"/><line number="179" hits="0"/><line number="180" hits="0"/><line number="182" hits="0"/><line number="184" hits="0"/><line number="185" hits="0"/><line number="188" hits="0"/><line number="189" hits="0"/><line number="190" hits="0"/><line number="192" hits="0"/><line number="194" hits="0"/><line number="195" hits="0"/><line number="198" hits="0"/><line number="202" hits="0"/><line number="203" hits="0"/><line number="204" hits="0"/><line number="205" hits="0"/><line number="206" hits="0"/><line number="208" hits="0"/><line number="210" hits="0"/><line number="211" hits="0"/><line number="212" hits="0"/><line number="216" hits="0"/><line number="217" hits="0"/><line number="218" hits="0"/><line number="219" hits="0"/><line number="220" hits="0"/><line number="224" hits="0"/><line number="227" hits="0"/><line number="231" hits="0"/><line number="232" hits="0"/><line number="233" hits="0"/><line number="234" hits="0"/><line number="235" hits="0"/><line number="237" hits="0"/><line number="239" hits="0"/><line number="240" hits="0"/><line number="241" hits="0"/><line number="245" hits="0"/><line number="246" hits="0"/><line number="248" hits="0"/><line number="249" hits="0"/><line number="250" hits="0"/><line number="251" hits="0"/><line number="256" hits="0"/><line number="259" hits="0"/><line number="260" hits="0"/><line number="262" hits="0"/><line number="263" hits="0"/><line number="266" hits="0"/><line number="268" hits="0"/><line number="270" hits="0"/><line number="273" hits="0"/><line number="275" hits="0"/><line number="278" hits="0"/><line number="282" hits="0"/><line number="283" hits="0"/><line number="284" hits="0"/><line number="285" hits="0"/><line number="286" hits="0"/><line number="290" hits="0"/><line number="291" hits="0"/><line number="293" hits="0"/><line number="297" hits="0"/><line number="298" hits="0"/><line number="300" hits="0"/><line number="303" hits="0"/><line number="305" hits="0"/><line number="306" hits="0"/><line number="309" hits="0"/><line number="310" hits="0"/><line number="312" hits="0"/><line number="314" hits="0"/><line number="316" hits="0"/><line number="319" hits="0"/><line number="321" hits="0"/><line number="324" hits="0"/><line number="325" hits="0"/><line number="326" hits="0"/><line number="327" hits="0"/><line number="328" hits="0"/></lines></class><class name="run" filename="src/app/cli/run.rs" line-rate="0" branch-rate="0" complexity="0"><methods/><lines><line number="105" hits="0"/><line number="108" hits="0"/><line number="109" hits="0"/><line number="110" hits="0"/><line number="112" hits="0"/><line number="113" hits="0"/><line number="115" hits="0"/><line number="116" hits="0"/><line number="118" hits="0"/><line number="119" hits="0"/><line number="121" hits="0"/><line number="122" hits="0"/><line number="124" hits="0"/><line number="125" hits="0"/><line number="129" hits="0"/><line number="132" hits="0"/><line number="133" hits="0"/><line number="136" hits="0"/></lines></class><class name="setup" filename="src/app/cli/setup.rs" line-rate="0" branch-rate="0" complexity="0"><methods/><lines><line number="25" hits="0"/><line number="26" hits="0"/><line number="27" hits="0"/><line number="28" hits="0"/><line number="29" hits="0"/><line number="31" hits="0"/><line number="34" hits="0"/><line number="35" hits="0"/><line number="36" hits="0"/><line number="37" hits="0"/><line number="38" hits="0"/><line number="39" hits="0"/><line number="40" hits="0"/><line number="41" hits="0"/><line number="44" hits="0"/><line number="45" hits="0"/><line number="46" hits="0"/><line number="47" hits="0"/><line number="49" hits="0"/><line number="50" hits="0"/><line number="51" hits="0"/><line number="55" hits="0"/><line number="56" hits="0"/><line number="58" hits="0"/><line number="59" hits="0"/><line number="60" hits="0"/><line number="61" hits="0"/><line number="64" hits="0"/></lines></class><class name="workflow" filename="src/app/cli/workflow.rs" line-rate="0" branch-rate="0" complexity="0"><methods/><lines><line number="128" hits="0"/><line number="129" hits="0"/><line number="130" hits="0"/><line number="133" hits="0"/><line number="136" hits="0"/><line number="138" hits="0"/><line number="139" hits="0"/><line number="141" hits="0"/><line number="142" hits="0"/><line number="143" hits="0"/><line number="147" hits="0"/><line number="148" hits="0"/><line number="150" hits="0"/><line number="151" hits="0"/><line number="152" hits="0"/><line number="154" hits="0"/><line number="155" hits="0"/><line number="156" hits="0"/><line number="158" hits="0"/><line number="159" hits="0"/><line number="160" hits="0"/><line number="161" hits="0"/><line number="162" hits="0"/><line number="164" hits="0"/><line number="165" hits="0"/><line number="169" hits="0"/><line number="172" hits="0"/><line number="175" hits="0"/><line number="176" hits="0"/><line number="180" hits="0"/><line number="181" hits="0"/><line number="183" hits="0"/><line number="187" hits="0"/><line number="190" hits="0"/><line number="191" hits="0"/><line number="194" hits="0"/><line number="195" hits="0"/><line number="197" hits="0"/><line number="198" hits="0"/><line number="199" hits="0"/><line number="200" hits="0"/><line number="201" hits="0"/><line number="203" hits="0"/><line number="205" hits="0"/><line number="207" hits="0"/><line number="208" hits="0"/><line number="209" hits="0"/><line number="210" hits="0"/><line number="212" hits="0"/><line number="214" hits="0"/><line number="221" hits="0"/><line number="222" hits="0"/><line number="227" hits="0"/><line number="228" hits="0"/><line number="229" hits="0"/><line number="230" hits="0"/><line number="231" hits="0"/><line number="235" hits="0"/><line number="241" hits="0"/><line number="242" hits="0"/><line number="243" hits="0"/><line number="244" hits="0"/><line number="246" hits="0"/><line number="248" hits="0"/><line number="249" hits="0"/><line number="250" hits="0"/><line number="251" hits="0"/><line number="253" hits="0"/><line number="254" hits="0"/><line number="255" hits="0"/><line number="256" hits="0"/><line number="258" hits="0"/><line number="259" hits="0"/><line number="260" hits="0"/><line number="261" hits="0"/><line number="266" hits="0"/><line number="273" hits="0"/><line number="274" hits="0"/><line number="275" hits="0"/><line number="276" hits="0"/></lines></class></classes></package><package name="src/adapters" line-rate="0.59375" branch-rate="0" complexity="0"><classes><class name="embedded_role_template_store" filename="src/adapters/embedded_role_template_store.rs" line-rate="0.9583333333333334" branch-rate="0" complexity="0"><methods/><lines><line number="33" hits="2"/><line number="34" hits="2"/><line number="35" hits="2"/><line number="37" hits="6"/><line number="38" hits="6"/><line number="39" hits="2"/><line number="42" hits="3"/><line number="43" hits="3"/><line number="44" hits="3"/><line number="45" hits="9"/><line number="46" hits="9"/><line number="47" hits="3"/><line number="50" hits="2"/><line number="51" hits="2"/><line number="52" hits="6"/><line number="55" hits="0"/><line number="59" hits="2"/><line number="60" hits="2"/><line number="61" hits="2"/><line number="62" hits="1"/><line number="63" hits="1"/><line number="67" hits="2"/><line number="68" hits="2"/><line number="71" hits="2"/><line number="72" hits="2"/><line number="76" hits="3"/><line number="77" hits="6"/><line number="78" hits="3"/><line number="79" hits="3"/><line number="80" hits="6"/><line number="81" hits="3"/><line number="83" hits="6"/><line number="84" hits="3"/><line number="86" hits="3"/><line number="87" hits="3"/><line number="91" hits="3"/><line number="105" hits="3"/><line number="106" hits="3"/><line number="107" hits="3"/><line number="108" hits="6"/><line number="109" hits="3"/><line number="110" hits="3"/><line number="111" hits="3"/><line number="113" hits="0"/><line number="119" hits="2"/><line number="121" hits="2"/><line number="122" hits="2"/><line number="123" hits="2"/></lines></class><class name="git_command" filename="src/adapters/git_command.rs" line-rate="0.31666666666666665" branch-rate="0" complexity="0"><methods/><lines><line number="12" hits="3"/><line number="16" hits="3"/><line number="17" hits="3"/><line number="18" hits="3"/><line number="19" hits="3"/><line number="21" hits="3"/><line number="22" hits="0"/><line number="23" hits="0"/><line number="26" hits="6"/><line number="27" hits="0"/><line number="28" hits="0"/><line number="29" hits="0"/><line number="30" hits="0"/><line number="34" hits="6"/><line number="39" hits="1"/><line number="40" hits="1"/><line number="43" hits="1"/><line number="44" hits="1"/><line number="47" hits="3"/><line number="48" hits="3"/><line number="51" hits="0"/><line number="52" hits="0"/><line number="55" hits="0"/><line number="56" hits="0"/><line number="57" hits="0"/><line number="60" hits="0"/><line number="61" hits="0"/><line number="66" hits="0"/><line number="67" hits="0"/><line number="68" hits="0"/><line number="69" hits="0"/><line number="70" hits="0"/><line number="71" hits="0"/><line number="74" hits="0"/><line number="75" hits="0"/><line number="76" hits="0"/><line number="77" hits="0"/><line number="80" hits="1"/><line number="81" hits="1"/><line number="82" hits="0"/><line number="84" hits="2"/><line number="86" hits="2"/><line number="87" hits="1"/><line number="90" hits="0"/><line number="92" hits="0"/><line number="93" hits="0"/><line number="94" hits="0"/><line number="96" hits="0"/><line number="100" hits="0"/><line number="103" hits="0"/><line number="106" hits="0"/><line number="107" hits="0"/><line number="108" hits="0"/><line number="111" hits="0"/><line number="112" hits="0"/><line number="113" hits="0"/><line number="114" hits="0"/><line number="117" hits="0"/><line number="118" hits="0"/><line number="119" hits="0"/></lines></class><class name="github_command" filename="src/adapters/github_command.rs" line-rate="0" branch-rate="0" complexity="0"><methods/><lines><line number="15" hits="0"/><line number="16" hits="0"/><line number="17" hits="0"/><line number="19" hits="0"/><line number="20" hits="0"/><line number="21" hits="0"/><line number="24" hits="0"/><line number="25" hits="0"/><line number="26" hits="0"/><line number="27" hits="0"/><line number="28" hits="0"/><line number="32" hits="0"/><line number="35" hits="0"/><line number="36" hits="0"/><line number="37" hits="0"/><line number="39" hits="0"/><line number="40" hits="0"/><line number="41" hits="0"/><line number="44" hits="0"/><line number="45" hits="0"/><line number="46" hits="0"/><line number="47" hits="0"/><line number="51" hits="0"/><line number="52" hits="0"/><line number="53" hits="0"/><line number="56" hits="0"/><line number="57" hits="0"/><line number="58" hits="0"/><line number="59" hits="0"/><line number="60" hits="0"/><line number="64" hits="0"/><line number="69" hits="0"/><line number="77" hits="0"/><line number="82" hits="0"/><line number="83" hits="0"/><line number="84" hits="0"/><line number="85" hits="0"/><line number="86" hits="0"/><line number="91" hits="0"/><line number="93" hits="0"/><line number="94" hits="0"/><line number="95" hits="0"/><line number="99" hits="0"/><line number="101" hits="0"/><line number="102" hits="0"/><line number="103" hits="0"/><line number="107" hits="0"/><line number="108" hits="0"/><line number="109" hits="0"/><line number="110" hits="0"/><line number="113" hits="0"/><line number="115" hits="0"/><line number="116" hits="0"/><line number="117" hits="0"/><line number="120" hits="0"/><line number="126" hits="0"/><line number="127" hits="0"/><line number="128" hits="0"/><line number="129" hits="0"/><line number="130" hits="0"/><line number="133" hits="0"/><line number="136" hits="0"/><line number="137" hits="0"/><line number="138" hits="0"/><line number="139" hits="0"/><line number="140" hits="0"/><line number="145" hits="0"/><line number="147" hits="0"/><line number="148" hits="0"/><line number="149" hits="0"/><line number="153" hits="0"/><line number="156" hits="0"/><line number="157" hits="0"/><line number="158" hits="0"/><line number="161" hits="0"/><line number="165" hits="0"/><line number="167" hits="0"/><line number="168" hits="0"/><line number="170" hits="0"/><line number="171" hits="0"/><line number="172" hits="0"/><line number="173" hits="0"/><line number="174" hits="0"/><line number="175" hits="0"/><line number="179" hits="0"/><line number="180" hits="0"/><line number="182" hits="0"/><line number="184" hits="0"/><line number="185" hits="0"/><line number="187" hits="0"/><line number="188" hits="0"/><line number="190" hits="0"/><line number="192" hits="0"/><line number="193" hits="0"/><line number="194" hits="0"/><line number="195" hits="0"/><line number="198" hits="0"/><line number="201" hits="0"/><line number="202" hits="0"/><line number="203" hits="0"/><line number="204" hits="0"/><line number="206" hits="0"/><line number="208" hits="0"/><line number="209" hits="0"/><line number="211" hits="0"/><line number="212" hits="0"/><line number="216" hits="0"/><line number="217" hits="0"/><line number="218" hits="0"/><line number="219" hits="0"/><line number="220" hits="0"/><line number="223" hits="0"/><line number="225" hits="0"/><line number="226" hits="0"/><line number="228" hits="0"/><line number="230" hits="0"/><line number="231" hits="0"/><line number="232" hits="0"/><line number="233" hits="0"/><line number="236" hits="0"/><line number="237" hits="0"/><line number="241" hits="0"/><line number="242" hits="0"/><line number="243" hits="0"/><line number="244" hits="0"/><line number="247" hits="0"/><line number="248" hits="0"/><line number="249" hits="0"/><line number="250" hits="0"/><line number="253" hits="0"/><line number="254" hits="0"/><line number="255" hits="0"/><line number="256" hits="0"/><line number="259" hits="0"/><line number="260" hits="0"/><line number="261" hits="0"/><line number="262" hits="0"/><line number="263" hits="0"/></lines></class><class name="jules_client_http" filename="src/adapters/jules_client_http.rs" line-rate="0.7125" branch-rate="0" complexity="0"><methods/><lines><line number="26" hits="0"/><line number="27" hits="0"/><line number="28" hits="0"/><line number="29" hits="0"/><line number="30" hits="0"/><line number="31" hits="0"/><line number="38" hits="1"/><line number="39" hits="3"/><line number="40" hits="2"/><line number="42" hits="1"/><line number="43" hits="0"/><line number="47" hits="1"/><line number="48" hits="1"/><line number="49" hits="1"/><line number="50" hits="1"/><line number="51" hits="1"/><line number="52" hits="1"/><line number="58" hits="0"/><line number="59" hits="0"/><line number="60" hits="0"/><line number="62" hits="0"/><line number="66" hits="0"/><line number="67" hits="0"/><line number="68" hits="0"/><line number="70" hits="0"/><line number="111" hits="1"/><line number="113" hits="1"/><line number="114" hits="1"/><line number="118" hits="1"/><line number="119" hits="2"/><line number="122" hits="1"/><line number="123" hits="2"/><line number="125" hits="1"/><line number="126" hits="1"/><line number="128" hits="1"/><line number="129" hits="2"/><line number="130" hits="1"/><line number="133" hits="2"/><line number="134" hits="1"/><line number="135" hits="1"/><line number="136" hits="2"/><line number="137" hits="1"/><line number="140" hits="1"/><line number="145" hits="1"/><line number="146" hits="0"/><line number="153" hits="1"/><line number="154" hits="3"/><line number="156" hits="1"/><line number="157" hits="1"/><line number="158" hits="1"/><line number="159" hits="1"/><line number="161" hits="1"/><line number="162" hits="0"/><line number="166" hits="2"/><line number="168" hits="2"/><line number="169" hits="2"/><line number="171" hits="0"/><line number="172" hits="0"/><line number="175" hits="2"/><line number="176" hits="0"/><line number="177" hits="0"/><line number="178" hits="0"/><line number="182" hits="1"/><line number="183" hits="1"/><line number="184" hits="1"/><line number="186" hits="3"/><line number="187" hits="2"/><line number="188" hits="4"/><line number="189" hits="1"/><line number="190" hits="1"/><line number="191" hits="1"/><line number="194" hits="2"/><line number="195" hits="1"/><line number="199" hits="1"/><line number="200" hits="1"/><line number="201" hits="1"/><line number="202" hits="3"/><line number="203" hits="1"/><line number="205" hits="2"/><line number="207" hits="0"/></lines></class><class name="memory_workspace_store" filename="src/adapters/memory_workspace_store.rs" line-rate="0.40476190476190477" branch-rate="0" complexity="0"><methods/><lines><line number="18" hits="1"/><line number="19" hits="1"/><line number="24" hits="0"/><line number="25" hits="0"/><line number="28" hits="0"/><line number="29" hits="0"/><line number="30" hits="0"/><line number="33" hits="0"/><line number="37" hits="0"/><line number="43" hits="0"/><line number="44" hits="0"/><line number="45" hits="0"/><line number="48" hits="0"/><line number="49" hits="0"/><line number="50" hits="0"/><line number="53" hits="1"/><line number="54" hits="1"/><line number="57" hits="0"/><line number="58" hits="0"/><line number="61" hits="0"/><line number="62" hits="0"/><line number="63" hits="0"/><line number="64" hits="0"/><line number="66" hits="0"/><line number="69" hits="1"/><line number="70" hits="1"/><line number="73" hits="0"/><line number="74" hits="0"/><line number="75" hits="0"/><line number="76" hits="0"/><line number="78" hits="0"/><line number="82" hits="0"/><line number="84" hits="0"/><line number="87" hits="0"/><line number="88" hits="0"/><line number="91" hits="0"/><line number="92" hits="0"/><line number="94" hits="0"/><line number="97" hits="1"/><line number="98" hits="1"/><line number="99" hits="1"/><line number="100" hits="2"/><line number="101" hits="1"/><line number="102" hits="2"/><line number="104" hits="0"/><line number="106" hits="0"/><line number="111" hits="1"/><line number="112" hits="1"/><line number="113" hits="2"/><line number="114" hits="1"/><line number="117" hits="0"/><line number="118" hits="0"/><line number="119" hits="0"/><line number="120" hits="0"/><line number="123" hits="1"/><line number="124" hits="1"/><line number="125" hits="1"/><line number="126" hits="1"/><line number="128" hits="2"/><line number="129" hits="2"/><line number="130" hits="1"/><line number="132" hits="1"/><line number="135" hits="1"/><line number="136" hits="1"/><line number="139" hits="1"/><line number="140" hits="1"/><line number="143" hits="1"/><line number="144" hits="1"/><line number="145" hits="1"/><line number="146" hits="2"/><line number="147" hits="1"/><line number="150" hits="4"/><line number="153" hits="0"/><line number="154" hits="0"/><line number="155" hits="0"/><line number="157" hits="0"/><line number="158" hits="0"/><line number="161" hits="0"/><line number="164" hits="0"/><line number="165" hits="0"/><line number="168" hits="0"/><line number="169" hits="0"/><line number="172" hits="0"/><line number="173" hits="0"/></lines></class><class name="schedule_filesystem" filename="src/adapters/schedule_filesystem.rs" line-rate="0.7857142857142857" branch-rate="0" complexity="0"><methods/><lines><line number="7" hits="2"/><line number="8" hits="2"/><line number="9" hits="2"/><line number="11" hits="4"/><line number="12" hits="0"/><line number="13" hits="0"/><line number="15" hits="0"/><line number="18" hits="4"/><line number="21" hits="1"/><line number="25" hits="1"/><line number="26" hits="3"/><line number="28" hits="1"/><line number="29" hits="2"/><line number="30" hits="1"/></lines></class><class name="workspace_filesystem" filename="src/adapters/workspace_filesystem.rs" line-rate="0.7417218543046358" branch-rate="0" complexity="0"><methods/><lines><line number="16" hits="3"/><line number="21" hits="1"/><line number="22" hits="2"/><line number="23" hits="2"/><line number="26" hits="2"/><line number="27" hits="2"/><line number="32" hits="0"/><line number="33" hits="0"/><line number="36" hits="0"/><line number="37" hits="0"/><line number="40" hits="0"/><line number="41" hits="0"/><line number="44" hits="0"/><line number="45" hits="0"/><line number="50" hits="1"/><line number="51" hits="1"/><line number="54" hits="3"/><line number="55" hits="3"/><line number="58" hits="2"/><line number="59" hits="2"/><line number="62" hits="3"/><line number="63" hits="3"/><line number="66" hits="2"/><line number="67" hits="2"/><line number="70" hits="4"/><line number="71" hits="2"/><line number="72" hits="4"/><line number="73" hits="4"/><line number="75" hits="4"/><line number="79" hits="4"/><line number="80" hits="4"/><line number="81" hits="2"/><line number="84" hits="2"/><line number="87" hits="2"/><line number="88" hits="2"/><line number="89" hits="2"/><line number="92" hits="1"/><line number="93" hits="1"/><line number="94" hits="2"/><line number="95" hits="0"/><line number="97" hits="2"/><line number="98" hits="2"/><line number="101" hits="1"/><line number="102" hits="1"/><line number="104" hits="3"/><line number="105" hits="2"/><line number="109" hits="1"/><line number="110" hits="2"/><line number="114" hits="2"/><line number="115" hits="2"/><line number="116" hits="2"/><line number="119" hits="1"/><line number="120" hits="2"/><line number="121" hits="3"/><line number="123" hits="1"/><line number="128" hits="2"/><line number="129" hits="1"/><line number="130" hits="1"/><line number="133" hits="1"/><line number="136" hits="1"/><line number="137" hits="1"/><line number="140" hits="4"/><line number="141" hits="2"/><line number="145" hits="2"/><line number="146" hits="2"/><line number="147" hits="1"/><line number="148" hits="3"/><line number="150" hits="1"/><line number="154" hits="4"/><line number="156" hits="2"/><line number="157" hits="2"/><line number="158" hits="1"/><line number="159" hits="1"/><line number="163" hits="0"/><line number="165" hits="0"/><line number="166" hits="0"/><line number="169" hits="3"/><line number="170" hits="3"/><line number="171" hits="6"/><line number="172" hits="3"/><line number="175" hits="3"/><line number="176" hits="3"/><line number="177" hits="6"/><line number="178" hits="3"/><line number="179" hits="6"/><line number="181" hits="6"/><line number="184" hits="0"/><line number="185" hits="0"/><line number="186" hits="0"/><line number="187" hits="0"/><line number="188" hits="0"/><line number="190" hits="0"/><line number="193" hits="1"/><line number="194" hits="1"/><line number="195" hits="2"/><line number="196" hits="1"/><line number="197" hits="1"/><line number="198" hits="3"/><line number="199" hits="2"/><line number="200" hits="2"/><line number="203" hits="1"/><line number="204" hits="1"/><line number="207" hits="0"/><line number="208" hits="0"/><line number="209" hits="0"/><line number="213" hits="0"/><line number="214" hits="0"/><line number="215" hits="0"/><line number="217" hits="0"/><line number="220" hits="2"/><line number="221" hits="2"/><line number="223" hits="4"/><line number="224" hits="0"/><line number="226" hits="2"/><line number="229" hits="1"/><line number="230" hits="1"/><line number="232" hits="2"/><line number="233" hits="0"/><line number="235" hits="1"/><line number="238" hits="0"/><line number="239" hits="0"/><line number="240" hits="0"/><line number="241" hits="0"/><line number="244" hits="3"/><line number="245" hits="3"/><line number="248" hits="0"/><line number="253" hits="0"/><line number="254" hits="0"/><line number="256" hits="0"/><line number="258" hits="0"/><line number="271" hits="3"/><line number="272" hits="3"/><line number="274" hits="6"/><line number="275" hits="6"/><line number="277" hits="6"/><line number="278" hits="2"/><line number="281" hits="3"/><line number="287" hits="3"/><line number="288" hits="3"/><line number="289" hits="3"/><line number="290" hits="3"/><line number="291" hits="3"/><line number="293" hits="0"/><line number="296" hits="6"/><line number="297" hits="3"/><line number="300" hits="0"/><line number="304" hits="0"/><line number="308" hits="2"/><line number="310" hits="3"/><line number="311" hits="6"/><line number="315" hits="3"/></lines></class></classes></package><package name="src/app/commands/workflow/workspace/clean" line-rate="0.3804878048780488" branch-rate="0" complexity="0"><classes><class name="mock" filename="src/app/commands/workflow/workspace/clean/mock.rs" line-rate="0.17037037037037037" branch-rate="0" complexity="0"><methods/><lines><line number="42" hits="1"/><line number="43" hits="2"/><line number="45" hits="2"/><line number="46" hits="0"/><line number="50" hits="2"/><line number="51" hits="0"/><line number="52" hits="0"/><line number="55" hits="1"/><line number="56" hits="0"/><line number="57" hits="0"/><line number="62" hits="1"/><line number="63" hits="2"/><line number="66" hits="0"/><line number="67" hits="0"/><line number="70" hits="0"/><line number="71" hits="0"/><line number="72" hits="0"/><line number="73" hits="0"/><line number="75" hits="0"/><line number="76" hits="0"/><line number="77" hits="0"/><line number="83" hits="0"/><line number="84" hits="0"/><line number="85" hits="0"/><line number="88" hits="0"/><line number="89" hits="0"/><line number="90" hits="0"/><line number="93" hits="0"/><line number="94" hits="0"/><line number="95" hits="0"/><line number="97" hits="0"/><line number="102" hits="0"/><line number="110" hits="0"/><line number="111" hits="0"/><line number="113" hits="0"/><line number="114" hits="0"/><line number="116" hits="0"/><line number="117" hits="0"/><line number="122" hits="0"/><line number="126" hits="0"/><line number="127" hits="0"/><line number="128" hits="0"/><line number="129" hits="0"/><line number="131" hits="0"/><line number="134" hits="0"/><line number="138" hits="0"/><line number="139" hits="0"/><line number="140" hits="0"/><line number="141" hits="0"/><line number="143" hits="0"/><line number="146" hits="0"/><line number="151" hits="0"/><line number="152" hits="0"/><line number="154" hits="0"/><line number="155" hits="0"/><line number="156" hits="0"/><line number="159" hits="0"/><line number="160" hits="0"/><line number="161" hits="0"/><line number="162" hits="0"/><line number="163" hits="0"/><line number="167" hits="0"/><line number="168" hits="0"/><line number="169" hits="0"/><line number="170" hits="0"/><line number="171" hits="0"/><line number="173" hits="0"/><line number="174" hits="0"/><line number="177" hits="0"/><line number="180" hits="0"/><line number="181" hits="0"/><line number="182" hits="0"/><line number="184" hits="0"/><line number="185" hits="0"/><line number="186" hits="0"/><line number="187" hits="0"/><line number="188" hits="0"/><line number="189" hits="0"/><line number="194" hits="0"/><line number="195" hits="0"/><line number="199" hits="0"/><line number="200" hits="0"/><line number="203" hits="0"/><line number="204" hits="0"/><line number="206" hits="0"/><line number="207" hits="0"/><line number="210" hits="0"/><line number="211" hits="0"/><line number="212" hits="0"/><line number="213" hits="0"/><line number="217" hits="0"/><line number="220" hits="0"/><line number="233" hits="0"/><line number="236" hits="1"/><line number="237" hits="2"/><line number="238" hits="0"/><line number="241" hits="1"/><line number="243" hits="3"/><line number="244" hits="3"/><line number="247" hits="2"/><line number="248" hits="1"/><line number="249" hits="1"/><line number="252" hits="0"/><line number="256" hits="0"/><line number="257" hits="0"/><line number="260" hits="1"/><line number="263" hits="3"/><line number="264" hits="3"/><line number="265" hits="3"/><line number="266" hits="1"/><line number="269" hits="2"/><line number="270" hits="1"/><line number="271" hits="1"/><line number="274" hits="0"/><line number="275" hits="0"/><line number="277" hits="0"/><line number="278" hits="0"/><line number="281" hits="0"/><line number="282" hits="0"/><line number="283" hits="0"/><line number="284" hits="0"/><line number="285" hits="0"/><line number="286" hits="0"/><line number="288" hits="0"/><line number="293" hits="0"/><line number="296" hits="0"/><line number="297" hits="0"/><line number="298" hits="0"/><line number="299" hits="0"/><line number="303" hits="0"/><line number="304" hits="0"/><line number="307" hits="0"/><line number="308" hits="0"/><line number="309" hits="0"/><line number="310" hits="0"/></lines></class><class name="mod" filename="src/app/commands/workflow/workspace/clean/mod.rs" line-rate="0" branch-rate="0" complexity="0"><methods/><lines><line number="12" hits="0"/><line number="15" hits="0"/><line number="19" hits="0"/><line number="22" hits="0"/></lines></class><class name="requirement" filename="src/app/commands/workflow/workspace/clean/requirement.rs" line-rate="0.8333333333333334" branch-rate="0" complexity="0"><methods/><lines><line number="27" hits="1"/><line number="30" hits="2"/><line number="32" hits="2"/><line number="33" hits="0"/><line number="36" hits="1"/><line number="37" hits="2"/><line number="39" hits="1"/><line number="41" hits="2"/><line number="42" hits="1"/><line number="43" hits="0"/><line number="49" hits="2"/><line number="50" hits="0"/><line number="56" hits="2"/><line number="59" hits="2"/><line number="60" hits="1"/><line number="61" hits="2"/><line number="63" hits="3"/><line number="67" hits="3"/><line number="68" hits="1"/><line number="69" hits="0"/><line number="75" hits="1"/><line number="76" hits="2"/><line number="77" hits="2"/><line number="80" hits="1"/><line number="81" hits="2"/><line number="82" hits="2"/><line number="83" hits="0"/><line number="88" hits="1"/><line number="91" hits="1"/><line number="93" hits="1"/><line number="94" hits="2"/><line number="96" hits="1"/><line number="97" hits="0"/><line number="98" hits="0"/><line number="102" hits="2"/><line number="103" hits="1"/><line number="105" hits="2"/><line number="106" hits="2"/><line number="109" hits="1"/><line number="110" hits="2"/><line number="111" hits="1"/><line number="113" hits="2"/><line number="114" hits="2"/><line number="115" hits="0"/><line number="116" hits="0"/><line number="120" hits="2"/><line number="122" hits="1"/><line number="124" hits="1"/><line number="126" hits="1"/><line number="131" hits="1"/><line number="136" hits="1"/><line number="137" hits="1"/><line number="138" hits="1"/><line number="140" hits="3"/><line number="143" hits="3"/><line number="144" hits="0"/><line number="146" hits="0"/><line number="150" hits="1"/><line number="151" hits="2"/><line number="153" hits="1"/><line number="156" hits="1"/><line number="157" hits="1"/><line number="158" hits="1"/><line number="159" hits="1"/><line number="162" hits="1"/><line number="163" hits="1"/></lines></class></classes></package><package name="src/app/commands/workflow/workspace" line-rate="0.5419222903885481" branch-rate="0" complexity="0"><classes><class name="inspect" filename="src/app/commands/workflow/workspace/inspect.rs" line-rate="0.7218045112781954" branch-rate="0" complexity="0"><methods/><lines><line number="19" hits="0"/><line number="20" hits="0"/><line number="22" hits="0"/><line number="23" hits="0"/><line number="26" hits="0"/><line number="29" hits="1"/><line number="30" hits="1"/><line number="31" hits="2"/><line number="32" hits="2"/><line number="33" hits="0"/><line number="36" hits="2"/><line number="38" hits="1"/><line number="39" hits="1"/><line number="40" hits="1"/><line number="50" hits="2"/><line number="51" hits="1"/><line number="52" hits="2"/><line number="54" hits="1"/><line number="56" hits="1"/><line number="57" hits="1"/><line number="62" hits="1"/><line number="67" hits="1"/><line number="68" hits="2"/><line number="69" hits="0"/><line number="71" hits="0"/><line number="75" hits="1"/><line number="76" hits="1"/><line number="77" hits="1"/><line number="79" hits="2"/><line number="81" hits="3"/><line number="82" hits="1"/><line number="84" hits="3"/><line number="85" hits="1"/><line number="87" hits="2"/><line number="88" hits="2"/><line number="90" hits="2"/><line number="91" hits="3"/><line number="94" hits="3"/><line number="95" hits="2"/><line number="96" hits="1"/><line number="100" hits="3"/><line number="102" hits="1"/><line number="105" hits="1"/><line number="110" hits="1"/><line number="111" hits="2"/><line number="112" hits="0"/><line number="114" hits="0"/><line number="118" hits="1"/><line number="119" hits="2"/><line number="121" hits="3"/><line number="122" hits="2"/><line number="123" hits="1"/><line number="126" hits="1"/><line number="127" hits="1"/><line number="129" hits="1"/><line number="132" hits="1"/><line number="133" hits="2"/><line number="134" hits="1"/><line number="136" hits="5"/><line number="138" hits="2"/><line number="139" hits="1"/><line number="142" hits="1"/><line number="143" hits="1"/><line number="146" hits="1"/><line number="152" hits="1"/><line number="153" hits="2"/><line number="155" hits="2"/><line number="158" hits="1"/><line number="163" hits="1"/><line number="164" hits="2"/><line number="165" hits="2"/><line number="166" hits="2"/><line number="167" hits="1"/><line number="169" hits="1"/><line number="170" hits="1"/><line number="171" hits="1"/><line number="173" hits="1"/><line number="174" hits="1"/><line number="178" hits="1"/><line number="179" hits="1"/><line number="180" hits="2"/><line number="181" hits="0"/><line number="182" hits="0"/><line number="185" hits="1"/><line number="186" hits="1"/><line number="188" hits="0"/><line number="193" hits="1"/><line number="194" hits="1"/><line number="195" hits="2"/><line number="196" hits="0"/><line number="199" hits="0"/><line number="201" hits="0"/><line number="204" hits="0"/><line number="206" hits="0"/><line number="209" hits="0"/><line number="214" hits="1"/><line number="215" hits="1"/><line number="216" hits="2"/><line number="217" hits="0"/><line number="220" hits="0"/><line number="223" hits="1"/><line number="226" hits="1"/><line number="227" hits="1"/><line number="228" hits="1"/><line number="229" hits="0"/><line number="232" hits="0"/><line number="234" hits="0"/><line number="237" hits="0"/><line number="242" hits="1"/><line number="247" hits="1"/><line number="248" hits="1"/><line number="249" hits="1"/><line number="251" hits="3"/><line number="252" hits="2"/><line number="253" hits="0"/><line number="256" hits="0"/><line number="258" hits="0"/><line number="261" hits="0"/><line number="266" hits="1"/><line number="268" hits="2"/><line number="269" hits="0"/><line number="272" hits="0"/><line number="276" hits="2"/><line number="277" hits="2"/><line number="278" hits="0"/><line number="281" hits="0"/><line number="286" hits="1"/><line number="288" hits="0"/><line number="291" hits="0"/><line number="293" hits="0"/><line number="296" hits="0"/><line number="301" hits="1"/><line number="302" hits="3"/></lines></class><class name="mod" filename="src/app/commands/workflow/workspace/mod.rs" line-rate="0" branch-rate="0" complexity="0"><methods/><lines><line number="22" hits="0"/><line number="23" hits="0"/><line number="27" hits="0"/><line number="30" hits="0"/><line number="34" hits="0"/><line number="37" hits="0"/><line number="41" hits="0"/><line number="44" hits="0"/></lines></class><class name="publish_proposals" filename="src/app/commands/workflow/workspace/publish_proposals.rs" line-rate="0.6363636363636364" branch-rate="0" complexity="0"><methods/><lines><line number="66" hits="0"/><line number="69" hits="0"/><line number="70" hits="0"/><line number="71" hits="0"/><line number="74" hits="0"/><line number="75" hits="0"/><line number="76" hits="0"/><line number="77" hits="0"/><line number="79" hits="0"/><line number="81" hits="0"/><line number="85" hits="1"/><line number="96" hits="1"/><line number="97" hits="2"/><line number="99" hits="2"/><line number="101" hits="2"/><line number="102" hits="1"/><line number="103" hits="0"/><line number="104" hits="1"/><line number="105" hits="0"/><line number="106" hits="0"/><line number="112" hits="1"/><line number="113" hits="2"/><line number="114" hits="1"/><line number="115" hits="2"/><line number="116" hits="1"/><line number="117" hits="1"/><line number="120" hits="2"/><line number="121" hits="0"/><line number="122" hits="0"/><line number="123" hits="0"/><line number="124" hits="0"/><line number="128" hits="2"/><line number="129" hits="0"/><line number="130" hits="0"/><line number="131" hits="0"/><line number="135" hits="3"/><line number="136" hits="2"/><line number="137" hits="1"/><line number="138" hits="1"/><line number="139" hits="1"/><line number="140" hits="1"/><line number="141" hits="1"/><line number="142" hits="1"/><line number="145" hits="2"/><line number="146" hits="1"/><line number="147" hits="0"/><line number="148" hits="0"/><line number="149" hits="0"/><line number="150" hits="0"/><line number="156" hits="1"/><line number="157" hits="0"/><line number="158" hits="2"/><line number="160" hits="1"/><line number="161" hits="1"/><line number="162" hits="0"/><line number="163" hits="0"/><line number="164" hits="0"/><line number="167" hits="2"/><line number="168" hits="2"/><line number="169" hits="0"/><line number="170" hits="0"/><line number="171" hits="0"/><line number="172" hits="0"/><line number="173" hits="0"/><line number="176" hits="2"/><line number="177" hits="3"/><line number="178" hits="0"/><line number="179" hits="0"/><line number="180" hits="0"/><line number="184" hits="2"/><line number="185" hits="2"/><line number="186" hits="2"/><line number="187" hits="2"/><line number="189" hits="1"/><line number="191" hits="2"/><line number="192" hits="1"/><line number="193" hits="1"/><line number="194" hits="0"/><line number="195" hits="1"/><line number="196" hits="0"/><line number="197" hits="0"/><line number="198" hits="0"/><line number="199" hits="0"/><line number="202" hits="2"/><line number="206" hits="1"/><line number="207" hits="1"/><line number="209" hits="2"/><line number="210" hits="2"/><line number="214" hits="0"/><line number="215" hits="1"/><line number="216" hits="1"/><line number="217" hits="1"/><line number="221" hits="1"/><line number="222" hits="1"/><line number="223" hits="2"/><line number="224" hits="1"/><line number="225" hits="1"/><line number="229" hits="1"/><line number="230" hits="2"/><line number="231" hits="1"/><line number="232" hits="1"/><line number="234" hits="1"/><line number="237" hits="1"/><line number="238" hits="2"/><line number="239" hits="2"/><line number="240" hits="2"/><line number="242" hits="3"/><line number="243" hits="0"/><line number="244" hits="0"/><line number="245" hits="0"/><line number="252" hits="3"/><line number="253" hits="1"/><line number="254" hits="2"/><line number="255" hits="1"/><line number="257" hits="1"/><line number="258" hits="2"/><line number="260" hits="1"/><line number="261" hits="0"/><line number="262" hits="1"/><line number="263" hits="0"/><line number="264" hits="0"/><line number="269" hits="1"/><line number="273" hits="2"/><line number="275" hits="1"/><line number="277" hits="1"/><line number="278" hits="1"/><line number="279" hits="0"/><line number="282" hits="1"/><line number="283" hits="3"/><line number="284" hits="2"/><line number="285" hits="2"/><line number="286" hits="0"/><line number="289" hits="3"/><line number="290" hits="0"/><line number="292" hits="1"/><line number="293" hits="0"/><line number="296" hits="1"/><line number="297" hits="2"/><line number="298" hits="2"/><line number="299" hits="1"/><line number="303" hits="1"/><line number="306" hits="1"/><line number="307" hits="3"/></lines></class></classes></package><package name="src/domain/prompt_assembly" line-rate="0.4875" branch-rate="0" complexity="0"><classes><class name="decider" filename="src/domain/prompt_assembly/decider.rs" line-rate="0" branch-rate="0" complexity="0"><methods/><lines><line number="21" hits="0"/><line number="22" hits="0"/></lines></class><class name="engine" filename="src/domain/prompt_assembly/engine.rs" line-rate="0.5864661654135338" branch-rate="0" complexity="0"><methods/><lines><line number="34" hits="1"/><line number="35" hits="1"/><line number="39" hits="1"/><line number="40" hits="2"/><line number="41" hits="1"/><line number="46" hits="1"/><line number="47" hits="3"/><line number="91" hits="0"/><line number="92" hits="0"/><line number="93" hits="0"/><line number="94" hits="0"/><line number="96" hits="0"/><line number="97" hits="0"/><line number="99" hits="0"/><line number="100" hits="0"/><line number="102" hits="0"/><line number="103" hits="0"/><line number="105" hits="0"/><line number="106" hits="0"/><line number="108" hits="0"/><line number="109" hits="0"/><line number="111" hits="0"/><line number="112" hits="0"/><line number="128" hits="1"/><line number="137" hits="1"/><line number="138" hits="2"/><line number="141" hits="1"/><line number="142" hits="2"/><line number="143" hits="0"/><line number="144" hits="0"/><line number="148" hits="2"/><line number="149" hits="0"/><line number="150" hits="0"/><line number="151" hits="0"/><line number="155" hits="2"/><line number="156" hits="2"/><line number="157" hits="2"/><line number="159" hits="1"/><line number="160" hits="1"/><line number="161" hits="1"/><line number="162" hits="2"/><line number="163" hits="2"/><line number="164" hits="2"/><line number="165" hits="1"/><line number="168" hits="1"/><line number="169" hits="1"/><line number="170" hits="1"/><line number="173" hits="1"/><line number="174" hits="2"/><line number="175" hits="2"/><line number="180" hits="1"/><line number="181" hits="2"/><line number="182" hits="2"/><line number="187" hits="1"/><line number="188" hits="1"/><line number="189" hits="0"/><line number="190" hits="0"/><line number="192" hits="0"/><line number="193" hits="0"/><line number="197" hits="2"/><line number="198" hits="2"/><line number="199" hits="1"/><line number="201" hits="2"/><line number="204" hits="1"/><line number="205" hits="0"/><line number="206" hits="0"/><line number="207" hits="0"/><line number="211" hits="3"/><line number="212" hits="1"/><line number="215" hits="1"/><line number="216" hits="1"/><line number="217" hits="3"/><line number="218" hits="3"/><line number="223" hits="1"/><line number="224" hits="1"/><line number="225" hits="1"/><line number="226" hits="0"/><line number="229" hits="2"/><line number="230" hits="1"/><line number="234" hits="0"/><line number="238" hits="1"/><line number="254" hits="0"/><line number="256" hits="0"/><line number="257" hits="0"/><line number="259" hits="0"/><line number="272" hits="1"/><line number="273" hits="1"/><line number="274" hits="0"/><line number="277" hits="1"/><line number="278" hits="0"/><line number="279" hits="0"/><line number="282" hits="1"/><line number="283" hits="2"/><line number="285" hits="1"/><line number="286" hits="0"/><line number="289" hits="1"/><line number="290" hits="2"/><line number="291" hits="1"/><line number="292" hits="2"/><line number="293" hits="1"/><line number="295" hits="0"/><line number="296" hits="0"/><line number="297" hits="0"/><line number="298" hits="0"/><line number="299" hits="0"/><line number="300" hits="0"/><line number="304" hits="0"/><line number="307" hits="0"/><line number="309" hits="0"/><line number="312" hits="2"/><line number="313" hits="3"/><line number="314" hits="1"/><line number="315" hits="1"/><line number="317" hits="1"/><line number="319" hits="2"/><line number="320" hits="1"/><line number="324" hits="1"/><line number="325" hits="1"/><line number="329" hits="2"/><line number="333" hits="1"/><line number="334" hits="1"/><line number="338" hits="1"/><line number="339" hits="2"/><line number="341" hits="0"/><line number="342" hits="0"/><line number="343" hits="0"/><line number="344" hits="0"/><line number="350" hits="1"/><line number="351" hits="2"/><line number="352" hits="0"/><line number="353" hits="0"/><line number="354" hits="0"/><line number="358" hits="0"/></lines></class><class name="implementer" filename="src/domain/prompt_assembly/implementer.rs" line-rate="0" branch-rate="0" complexity="0"><methods/><lines><line number="20" hits="0"/><line number="28" hits="0"/><line number="30" hits="0"/><line number="31" hits="0"/></lines></class><class name="innovators" filename="src/domain/prompt_assembly/innovators.rs" line-rate="0" branch-rate="0" complexity="0"><methods/><lines><line number="23" hits="0"/><line number="31" hits="0"/><line number="32" hits="0"/><line number="33" hits="0"/><line number="34" hits="0"/><line number="36" hits="0"/><line number="37" hits="0"/></lines></class><class name="narrator" filename="src/domain/prompt_assembly/narrator.rs" line-rate="0" branch-rate="0" complexity="0"><methods/><lines><line number="31" hits="0"/><line number="32" hits="0"/><line number="33" hits="0"/><line number="34" hits="0"/><line number="36" hits="0"/><line number="37" hits="0"/></lines></class><class name="observers" filename="src/domain/prompt_assembly/observers.rs" line-rate="0" branch-rate="0" complexity="0"><methods/><lines><line number="19" hits="0"/><line number="27" hits="0"/><line number="28" hits="0"/><line number="29" hits="0"/><line number="31" hits="0"/><line number="32" hits="0"/></lines></class><class name="planner" filename="src/domain/prompt_assembly/planner.rs" line-rate="0" branch-rate="0" complexity="0"><methods/><lines><line number="21" hits="0"/><line number="22" hits="0"/></lines></class></classes></package><package name="src/app/commands/workflow/gh/pr" line-rate="0.7297297297297297" branch-rate="0" complexity="0"><classes><class name="process" filename="src/app/commands/workflow/gh/pr/process.rs" line-rate="0.8064516129032258" branch-rate="0" complexity="0"><methods/><lines><line number="41" hits="1"/><line number="45" hits="1"/><line number="47" hits="2"/><line number="48" hits="1"/><line number="49" hits="1"/><line number="50" hits="1"/><line number="53" hits="1"/><line number="56" hits="1"/><line number="57" hits="1"/><line number="58" hits="1"/><line number="60" hits="1"/><line number="61" hits="1"/><line number="62" hits="1"/><line number="65" hits="0"/><line number="67" hits="0"/><line number="72" hits="1"/><line number="73" hits="1"/><line number="74" hits="1"/><line number="76" hits="1"/><line number="77" hits="1"/><line number="78" hits="1"/><line number="81" hits="0"/><line number="83" hits="0"/><line number="88" hits="1"/><line number="89" hits="1"/><line number="90" hits="1"/><line number="92" hits="1"/><line number="93" hits="1"/><line number="94" hits="1"/><line number="97" hits="0"/><line number="99" hits="0"/></lines></class></classes></package><package name="src/app/commands/workflow/gh/pr/events" line-rate="0.7" branch-rate="0" complexity="0"><classes><class name="comment_summary_request" filename="src/app/commands/workflow/gh/pr/events/comment_summary_request.rs" line-rate="1" branch-rate="0" complexity="0"><methods/><lines><line number="39" hits="2"/><line number="43" hits="2"/><line number="46" hits="4"/><line number="47" hits="2"/><line number="50" hits="4"/><line number="57" hits="4"/><line number="58" hits="6"/><line number="60" hits="4"/><line number="62" hits="2"/><line number="63" hits="1"/><line number="66" hits="4"/><line number="69" hits="2"/><line number="72" hits="2"/><line number="74" hits="2"/></lines></class><class name="enable_automerge" filename="src/app/commands/workflow/gh/pr/events/enable_automerge.rs" line-rate="1" branch-rate="0" complexity="0"><methods/><lines><line number="39" hits="2"/><line number="43" hits="2"/><line number="46" hits="8"/><line number="47" hits="2"/><line number="48" hits="2"/><line number="50" hits="4"/><line number="55" hits="2"/><line number="56" hits="2"/><line number="60" hits="2"/><line number="61" hits="1"/><line number="64" hits="2"/><line number="66" hits="2"/><line number="71" hits="4"/><line number="72" hits="8"/><line number="73" hits="4"/><line number="74" hits="1"/><line number="76" hits="1"/><line number="78" hits="5"/><line number="84" hits="4"/><line number="86" hits="2"/><line number="89" hits="2"/><line number="91" hits="4"/><line number="95" hits="1"/><line number="99" hits="1"/></lines></class><class name="sync_category_label" filename="src/app/commands/workflow/gh/pr/events/sync_category_label.rs" line-rate="0.42857142857142855" branch-rate="0" complexity="0"><methods/><lines><line number="41" hits="1"/><line number="45" hits="1"/><line number="48" hits="2"/><line number="49" hits="0"/><line number="51" hits="1"/><line number="54" hits="2"/><line number="59" hits="1"/><line number="65" hits="0"/><line number="66" hits="0"/><line number="69" hits="0"/><line number="70" hits="0"/><line number="72" hits="0"/><line number="75" hits="0"/><line number="77" hits="0"/><line number="83" hits="1"/><line number="84" hits="1"/><line number="85" hits="1"/><line number="91" hits="1"/><line number="92" hits="1"/><line number="93" hits="0"/><line number="99" hits="1"/><line number="100" hits="1"/><line number="102" hits="1"/><line number="103" hits="0"/><line number="109" hits="1"/><line number="110" hits="3"/><line number="112" hits="1"/><line number="118" hits="1"/><line number="128" hits="0"/><line number="129" hits="0"/><line number="130" hits="0"/><line number="133" hits="0"/><line number="134" hits="0"/><line number="137" hits="0"/><line number="138" hits="0"/><line number="141" hits="0"/><line number="142" hits="0"/><line number="148" hits="0"/><line number="150" hits="0"/><line number="151" hits="0"/><line number="152" hits="0"/><line number="156" hits="0"/></lines></class></classes></package><package name="src" line-rate="0.49151391717583165" branch-rate="0" complexity="0"><classes><class name="main" filename="src/main.rs" line-rate="0.5" branch-rate="0" complexity="0"><methods/><lines><line number="1" hits="1"/><line number="2" hits="0"/></lines></class></classes></package><package name="src/app/commands/run" line-rate="0.11368015414258188" branch-rate="0" complexity="0"><classes><class name="config" filename="src/app/commands/run/config.rs" line-rate="0.39285714285714285" branch-rate="0" complexity="0"><methods/><lines><line number="11" hits="0"/><line number="14" hits="0"/><line number="15" hits="0"/><line number="17" hits="0"/><line number="18" hits="0"/><line number="21" hits="0"/><line number="22" hits="0"/><line number="26" hits="2"/><line number="27" hits="4"/><line number="28" hits="4"/><line number="32" hits="0"/><line number="34" hits="0"/><line number="36" hits="0"/><line number="37" hits="0"/><line number="39" hits="0"/><line number="41" hits="0"/><line number="42" hits="0"/><line number="47" hits="0"/><line number="48" hits="0"/><line number="51" hits="0"/><line number="55" hits="1"/><line number="57" hits="1"/><line number="58" hits="1"/><line number="59" hits="1"/><line number="63" hits="2"/><line number="64" hits="1"/><line number="65" hits="1"/><line number="68" hits="1"/></lines></class><class name="config_dto" filename="src/app/commands/run/config_dto.rs" line-rate="1" branch-rate="0" complexity="0"><methods/><lines><line number="43" hits="2"/><line number="44" hits="2"/><line number="45" hits="3"/><line number="47" hits="2"/><line number="48" hits="2"/><line number="49" hits="2"/><line number="50" hits="2"/><line number="53" hits="1"/><line number="56" hits="2"/><line number="57" hits="3"/><line number="59" hits="2"/><line number="60" hits="2"/><line number="61" hits="2"/><line number="62" hits="2"/><line number="65" hits="1"/></lines></class><class name="mod" filename="src/app/commands/run/mod.rs" line-rate="0" branch-rate="0" complexity="0"><methods/><lines><line number="55" hits="0"/><line number="68" hits="0"/><line number="69" hits="0"/><line number="73" hits="0"/><line number="74" hits="0"/><line number="76" hits="0"/><line number="77" hits="0"/><line number="78" hits="0"/><line number="83" hits="0"/><line number="84" hits="0"/><line number="85" hits="0"/><line number="86" hits="0"/><line number="87" hits="0"/><line number="88" hits="0"/><line number="89" hits="0"/><line number="94" hits="0"/><line number="95" hits="0"/><line number="99" hits="0"/><line number="100" hits="0"/><line number="101" hits="0"/><line number="102" hits="0"/><line number="103" hits="0"/><line number="106" hits="0"/><line number="107" hits="0"/><line number="108" hits="0"/><line number="109" hits="0"/><line number="111" hits="0"/><line number="112" hits="0"/><line number="113" hits="0"/><line number="119" hits="0"/><line number="120" hits="0"/><line number="121" hits="0"/><line number="122" hits="0"/><line number="123" hits="0"/><line number="124" hits="0"/></lines></class><class name="multi_role_execution" filename="src/app/commands/run/multi_role_execution.rs" line-rate="0" branch-rate="0" complexity="0"><methods/><lines><line number="7" hits="0"/><line number="13" hits="0"/><line number="14" hits="0"/><line number="15" hits="0"/><line number="17" hits="0"/><line number="18" hits="0"/><line number="20" hits="0"/><line number="21" hits="0"/><line number="25" hits="0"/><line number="26" hits="0"/><line number="27" hits="0"/><line number="29" hits="0"/><line number="32" hits="0"/><line number="37" hits="0"/><line number="38" hits="0"/><line number="40" hits="0"/><line number="41" hits="0"/><line number="43" hits="0"/><line number="48" hits="0"/><line number="51" hits="0"/><line number="59" hits="0"/><line number="63" hits="0"/><line number="64" hits="0"/><line number="69" hits="0"/><line number="70" hits="0"/><line number="72" hits="0"/></lines></class><class name="narrator_logic" filename="src/app/commands/run/narrator_logic.rs" line-rate="0.8461538461538461" branch-rate="0" complexity="0"><methods/><lines><line number="23" hits="3"/><line number="29" hits="3"/><line number="30" hits="4"/><line number="31" hits="4"/><line number="32" hits="1"/><line number="33" hits="1"/><line number="34" hits="1"/><line number="35" hits="1"/><line number="36" hits="1"/><line number="37" hits="1"/><line number="42" hits="2"/><line number="43" hits="1"/><line number="44" hits="1"/><line number="45" hits="1"/><line number="46" hits="1"/><line number="47" hits="2"/><line number="48" hits="0"/><line number="49" hits="0"/><line number="51" hits="1"/><line number="56" hits="2"/><line number="57" hits="1"/><line number="58" hits="1"/><line number="59" hits="1"/><line number="60" hits="1"/><line number="61" hits="2"/><line number="62" hits="0"/><line number="63" hits="0"/><line number="65" hits="1"/><line number="70" hits="1"/><line number="71" hits="1"/><line number="73" hits="0"/><line number="74" hits="0"/><line number="77" hits="8"/><line number="79" hits="1"/><line number="80" hits="1"/><line number="82" hits="1"/><line number="87" hits="4"/><line number="88" hits="1"/><line number="94" hits="1"/></lines></class><class name="prompt" filename="src/app/commands/run/prompt.rs" line-rate="0" branch-rate="0" complexity="0"><methods/><lines><line number="18" hits="0"/><line number="26" hits="0"/><line number="30" hits="0"/><line number="39" hits="0"/><line number="40" hits="0"/><line number="41" hits="0"/><line number="58" hits="0"/><line number="59" hits="0"/><line number="60" hits="0"/></lines></class><class name="requirement_execution" filename="src/app/commands/run/requirement_execution.rs" line-rate="0" branch-rate="0" complexity="0"><methods/><lines><line number="11" hits="0"/><line number="15" hits="0"/><line number="16" hits="0"/><line number="19" hits="0"/><line number="20" hits="0"/><line number="23" hits="0"/><line number="25" hits="0"/><line number="26" hits="0"/><line number="27" hits="0"/><line number="30" hits="0"/><line number="31" hits="0"/><line number="32" hits="0"/><line number="34" hits="0"/><line number="35" hits="0"/><line number="36" hits="0"/><line number="37" hits="0"/><line number="38" hits="0"/><line number="39" hits="0"/><line number="43" hits="0"/></lines></class></classes></package><package name="src/domain/identifiers" line-rate="0.8235294117647058" branch-rate="0" complexity="0"><classes><class name="role_id" filename="src/domain/identifiers/role_id.rs" line-rate="0.8333333333333334" branch-rate="0" complexity="0"><methods/><lines><line number="17" hits="1"/><line number="18" hits="1"/><line number="23" hits="3"/><line number="27" hits="3"/><line number="28" hits="6"/><line number="37" hits="0"/></lines></class><class name="validation" filename="src/domain/identifiers/validation.rs" line-rate="0.8214285714285714" branch-rate="0" complexity="0"><methods/><lines><line number="8" hits="3"/><line number="9" hits="3"/><line number="10" hits="1"/><line number="12" hits="6"/><line number="13" hits="1"/><line number="15" hits="3"/><line number="16" hits="1"/><line number="18" hits="9"/><line number="33" hits="1"/><line number="34" hits="1"/><line number="35" hits="1"/><line number="37" hits="2"/><line number="38" hits="1"/><line number="40" hits="1"/><line number="41" hits="0"/><line number="43" hits="3"/><line number="51" hits="5"/><line number="52" hits="7"/><line number="53" hits="5"/><line number="55" hits="2"/><line number="60" hits="4"/><line number="61" hits="4"/><line number="67" hits="0"/><line number="68" hits="0"/><line number="73" hits="0"/><line number="74" hits="0"/><line number="79" hits="3"/><line number="80" hits="3"/></lines></class></classes></package><package name="src/app/services" line-rate="1" branch-rate="0" complexity="0"><classes><class name="setup_component_resolver" filename="src/app/services/setup_component_resolver.rs" line-rate="1" branch-rate="0" complexity="0"><methods/><lines><line number="14" hits="1"/><line number="18" hits="1"/></lines></class><class name="setup_script_generator" filename="src/app/services/setup_script_generator.rs" line-rate="1" branch-rate="0" complexity="0"><methods/><lines><line number="13" hits="1"/><line number="14" hits="1"/><line number="21" hits="1"/><line number="25" hits="1"/></lines></class></classes></package><package name="src/app/commands/workflow" line-rate="0.5006031363088058" branch-rate="0" complexity="0"><classes><class name="bootstrap" filename="src/app/commands/workflow/bootstrap.rs" line-rate="0.8484848484848485" branch-rate="0" complexity="0"><methods/><lines><line number="45" hits="1"/><line number="46" hits="1"/><line number="47" hits="1"/><line number="49" hits="2"/><line number="50" hits="1"/><line number="53" hits="1"/><line number="54" hits="2"/><line number="55" hits="0"/><line number="57" hits="0"/><line number="61" hits="2"/><line number="62" hits="2"/><line number="63" hits="0"/><line number="64" hits="0"/><line number="68" hits="1"/><line number="69" hits="2"/><line number="71" hits="1"/><line number="73" hits="1"/><line number="79" hits="1"/><line number="89" hits="1"/><line number="92" hits="1"/><line number="93" hits="2"/><line number="94" hits="1"/><line number="95" hits="1"/><line number="98" hits="1"/><line number="99" hits="2"/><line number="100" hits="2"/><line number="101" hits="0"/><line number="104" hits="1"/><line number="105" hits="2"/><line number="106" hits="2"/><line number="107" hits="2"/><line number="108" hits="1"/><line number="110" hits="1"/></lines></class><class name="doctor" filename="src/app/commands/workflow/doctor.rs" line-rate="0" branch-rate="0" complexity="0"><methods/><lines><line number="27" hits="0"/><line number="28" hits="0"/><line number="30" hits="0"/><line number="31" hits="0"/><line number="39" hits="0"/><line number="41" hits="0"/></lines></class><class name="generate" filename="src/app/commands/workflow/generate.rs" line-rate="0" branch-rate="0" complexity="0"><methods/><lines><line number="41" hits="0"/><line number="42" hits="0"/><line number="43" hits="0"/><line number="44" hits="0"/><line number="46" hits="0"/><line number="48" hits="0"/><line number="49" hits="0"/><line number="51" hits="0"/><line number="53" hits="0"/><line number="54" hits="0"/><line number="55" hits="0"/><line number="59" hits="0"/><line number="63" hits="0"/><line number="64" hits="0"/><line number="68" hits="0"/><line number="71" hits="0"/><line number="72" hits="0"/><line number="73" hits="0"/><line number="76" hits="0"/><line number="77" hits="0"/><line number="80" hits="0"/><line number="81" hits="0"/><line number="83" hits="0"/><line number="84" hits="0"/><line number="85" hits="0"/><line number="87" hits="0"/><line number="90" hits="0"/><line number="94" hits="0"/><line number="95" hits="0"/><line number="96" hits="0"/><line number="98" hits="0"/><line number="102" hits="0"/><line number="103" hits="0"/><line number="106" hits="0"/><line number="110" hits="0"/><line number="111" hits="0"/><line number="112" hits="0"/><line number="113" hits="0"/><line number="115" hits="0"/><line number="118" hits="0"/></lines></class><class name="mod" filename="src/app/commands/workflow/mod.rs" line-rate="0.15384615384615385" branch-rate="0" complexity="0"><methods/><lines><line number="24" hits="1"/><line number="25" hits="1"/><line number="29" hits="0"/><line number="30" hits="0"/><line number="34" hits="0"/><line number="35" hits="0"/><line number="37" hits="0"/><line number="38" hits="0"/><line number="39" hits="0"/><line number="40" hits="0"/><line number="42" hits="0"/><line number="46" hits="0"/><line number="47" hits="0"/></lines></class><class name="output" filename="src/app/commands/workflow/output.rs" line-rate="0.6666666666666666" branch-rate="0" complexity="0"><methods/><lines><line number="18" hits="1"/><line number="20" hits="1"/><line number="21" hits="0"/><line number="25" hits="2"/><line number=
[...]
ethods/><lines><line number="33" hits="1"/><line number="34" hits="1"/><line number="35" hits="1"/><line number="36" hits="1"/><line number="38" hits="1"/><line number="39" hits="1"/><line number="40" hits="1"/><line number="42" hits="1"/><line number="43" hits="1"/><line number="46" hits="1"/><line number="49" hits="1"/><line number="50" hits="1"/><line number="55" hits="0"/><line number="56" hits="0"/><line number="57" hits="0"/><line number="58" hits="0"/><line number="70" hits="0"/><line number="71" hits="0"/><line number="73" hits="0"/><line number="74" hits="0"/><line number="77" hits="0"/><line number="78" hits="0"/><line number="83" hits="0"/><line number="87" hits="0"/><line number="90" hits="1"/><line number="93" hits="1"/><line number="94" hits="5"/><line number="95" hits="3"/><line number="96" hits="3"/><line number="99" hits="1"/><line number="100" hits="1"/><line number="103" hits="0"/><line number="104" hits="0"/><line number="105" hits="0"/><line number="108" hits="0"/><line number="109" hits="0"/><line number="110" hits="0"/><line number="113" hits="0"/><line number="114" hits="0"/><line number="115" hits="0"/><line number="118" hits="0"/><line number="119" hits="0"/><line number="120" hits="0"/><line number="121" hits="0"/><line number="122" hits="0"/><line number="123" hits="0"/><line number="127" hits="0"/></lines></class><class name="deinit" filename="src/app/commands/deinit.rs" line-rate="0" branch-rate="0" complexity="0"><methods/><lines><line number="20" hits="0"/><line number="21" hits="0"/><line number="22" hits="0"/><line number="23" hits="0"/><line number="29" hits="0"/><line number="30" hits="0"/><line number="32" hits="0"/><line number="33" hits="0"/><line number="34" hits="0"/><line number="35" hits="0"/><line number="36" hits="0"/><line number="38" hits="0"/><line number="39" hits="0"/><line number="43" hits="0"/><line number="44" hits="0"/><line number="45" hits="0"/><line number="46" hits="0"/><line number="47" hits="0"/><line number="48" hits="0"/><line number="52" hits="0"/><line number="53" hits="0"/><line number="54" hits="0"/><line number="55" hits="0"/><line number="56" hits="0"/><line number="57" hits="0"/><line number="61" hits="0"/><line number="64" hits="0"/><line number="65" hits="0"/><line number="66" hits="0"/><line number="67" hits="0"/><line number="69" hits="0"/><line number="72" hits="0"/></lines></class><class name="init" filename="src/app/commands/init.rs" line-rate="0.8641975308641975" branch-rate="0" complexity="0"><methods/><lines><line number="23" hits="2"/><line number="33" hits="2"/><line number="34" hits="1"/><line number="39" hits="2"/><line number="40" hits="4"/><line number="41" hits="0"/><line number="42" hits="0"/><line number="47" hits="4"/><line number="48" hits="4"/><line number="49" hits="4"/><line number="51" hits="2"/><line number="53" hits="2"/><line number="56" hits="4"/><line number="57" hits="4"/><line number="60" hits="2"/><line number="61" hits="4"/><line number="62" hits="4"/><line number="63" hits="2"/><line number="66" hits="2"/><line number="67" hits="4"/><line number="68" hits="2"/><line number="69" hits="4"/><line number="72" hits="2"/><line number="73" hits="4"/><line number="74" hits="4"/><line number="76" hits="2"/><line number="79" hits="2"/><line number="84" hits="2"/><line number="85" hits="4"/><line number="87" hits="4"/><line number="88" hits="2"/><line number="90" hits="6"/><line number="91" hits="4"/><line number="92" hits="4"/><line number="93" hits="0"/><line number="94" hits="2"/><line number="95" hits="4"/><line number="96" hits="2"/><line number="100" hits="2"/><line number="102" hits="4"/><line number="103" hits="4"/><line number="104" hits="4"/><line number="105" hits="0"/><line number="106" hits="0"/><line number="107" hits="0"/><line number="110" hits="2"/><line number="111" hits="2"/><line number="114" hits="2"/><line number="115" hits="4"/><line number="116" hits="2"/><line number="117" hits="4"/><line number="118" hits="0"/><line number="119" hits="0"/><line number="120" hits="0"/><line number="123" hits="2"/><line number="124" hits="2"/><line number="128" hits="2"/><line number="132" hits="3"/><line number="137" hits="3"/><line number="139" hits="6"/><line number="140" hits="3"/><line number="141" hits="6"/><line number="142" hits="1"/><line number="143" hits="2"/><line number="145" hits="0"/><line number="150" hits="3"/><line number="151" hits="3"/><line number="152" hits="6"/><line number="153" hits="6"/><line number="156" hits="6"/><line number="159" hits="3"/><line number="186" hits="2"/><line number="187" hits="4"/><line number="188" hits="1"/><line number="190" hits="1"/><line number="193" hits="3"/><line number="197" hits="3"/><line number="198" hits="3"/><line number="199" hits="6"/><line number="201" hits="3"/><line number="202" hits="3"/><line number="203" hits="3"/><line number="204" hits="3"/><line number="206" hits="6"/><line number="207" hits="6"/><line number="208" hits="3"/><line number="210" hits="6"/><line number="211" hits="6"/><line number="212" hits="6"/><line number="213" hits="3"/><line number="215" hits="6"/><line number="219" hits="3"/><line number="220" hits="3"/><line number="221" hits="3"/><line number="223" hits="6"/><line number="224" hits="3"/><line number="228" hits="6"/><line number="231" hits="3"/><line number="232" hits="1"/><line number="233" hits="1"/><line number="236" hits="3"/><line number="237" hits="0"/><line number="238" hits="0"/><line number="242" hits="6"/><line number="245" hits="3"/><line number="246" hits="9"/><line number="249" hits="3"/><line number="250" hits="3"/><line number="251" hits="0"/><line number="254" hits="3"/><line number="255" hits="3"/><line number="256" hits="0"/><line number="259" hits="3"/><line number="260" hits="3"/><line number="264" hits="5"/><line number="265" hits="5"/><line number="268" hits="3"/><line number="269" hits="6"/><line number="270" hits="1"/><line number="271" hits="1"/><line number="273" hits="3"/><line number="274" hits="3"/><line number="277" hits="4"/><line number="278" hits="4"/><line number="279" hits="8"/><line number="280" hits="1"/><line number="281" hits="1"/><line number="285" hits="8"/><line number="286" hits="8"/><line number="287" hits="4"/><line number="293" hits="3"/><line number="294" hits="3"/><line number="296" hits="6"/><line number="298" hits="3"/><line number="299" hits="6"/><line number="300" hits="0"/><line number="303" hits="6"/><line number="304" hits="0"/><line number="306" hits="6"/><line number="307" hits="0"/><line number="310" hits="6"/><line number="312" hits="3"/><line number="313" hits="6"/><line number="314" hits="0"/><line number="315" hits="0"/><line number="319" hits="6"/><line number="321" hits="6"/><line number="322" hits="6"/><line number="323" hits="3"/><line number="324" hits="0"/><line number="326" hits="6"/><line number="331" hits="6"/><line number="332" hits="0"/><line number="335" hits="3"/><line number="336" hits="3"/><line number="337" hits="3"/><line number="338" hits="3"/><line number="347" hits="2"/><line number="348" hits="2"/><line number="349" hits="4"/><line number="350" hits="0"/><line number="352" hits="4"/></lines></class><class name="role_schedule" filename="src/app/commands/role_schedule.rs" line-rate="0.8333333333333334" branch-rate="0" complexity="0"><methods/><lines><line number="5" hits="2"/><line number="10" hits="2"/><line number="11" hits="0"/><line number="12" hits="0"/><line number="13" hits="0"/><line number="17" hits="2"/><line number="18" hits="2"/><line number="19" hits="4"/><line number="21" hits="2"/><line number="22" hits="4"/><line number="23" hits="0"/><line number="24" hits="4"/><line number="25" hits="1"/><line number="27" hits="0"/><line number="30" hits="2"/><line number="31" hits="2"/><line number="32" hits="4"/><line number="35" hits="2"/><line number="38" hits="2"/><line number="39" hits="6"/><line number="40" hits="0"/><line number="43" hits="2"/><line number="44" hits="2"/><line number="47" hits="2"/><line number="48" hits="4"/><line number="49" hits="4"/><line number="50" hits="4"/><line number="51" hits="2"/><line number="54" hits="2"/><line number="56" hits="2"/><line number="57" hits="4"/><line number="58" hits="2"/><line number="61" hits="4"/><line number="64" hits="2"/><line number="65" hits="2"/><line number="66" hits="2"/><line number="67" hits="0"/><line number="71" hits="2"/><line number="72" hits="4"/><line number="73" hits="2"/><line number="75" hits="2"/><line number="79" hits="2"/></lines></class><class name="update" filename="src/app/commands/update.rs" line-rate="0.6785714285714286" branch-rate="0" complexity="0"><methods/><lines><line number="50" hits="2"/><line number="59" hits="2"/><line number="60" hits="0"/><line number="61" hits="0"/><line number="65" hits="2"/><line number="68" hits="2"/><line number="69" hits="2"/><line number="70" hits="2"/><line number="71" hits="0"/><line number="72" hits="0"/><line number="73" hits="0"/><line number="79" hits="2"/><line number="80" hits="6"/><line number="83" hits="2"/><line number="84" hits="4"/><line number="86" hits="4"/><line number="88" hits="2"/><line number="89" hits="0"/><line number="90" hits="0"/><line number="91" hits="0"/><line number="97" hits="2"/><line number="98" hits="2"/><line number="100" hits="4"/><line number="102" hits="4"/><line number="103" hits="0"/><line number="106" hits="2"/><line number="107" hits="1"/><line number="112" hits="2"/><line number="113" hits="6"/><line number="114" hits="4"/><line number="115" hits="2"/><line number="119" hits="4"/><line number="120" hits="2"/><line number="121" hits="0"/><line number="122" hits="2"/><line number="123" hits="0"/><line number="124" hits="0"/><line number="125" hits="0"/><line number="128" hits="2"/><line number="129" hits="2"/><line number="132" hits="2"/><line number="133" hits="2"/><line number="134" hits="4"/><line number="135" hits="2"/><line number="136" hits="2"/><line number="138" hits="1"/><line number="139" hits="0"/><line number="140" hits="1"/><line number="142" hits="1"/><line number="145" hits="2"/><line number="146" hits="2"/><line number="148" hits="4"/><line number="149" hits="4"/><line number="150" hits="4"/><line number="151" hits="0"/><line number="153" hits="0"/><line number="156" hits="2"/><line number="157" hits="2"/><line number="158" hits="2"/><line number="160" hits="2"/><line number="161" hits="3"/><line number="162" hits="2"/><line number="163" hits="0"/><line number="165" hits="2"/><line number="166" hits="0"/><line number="167" hits="0"/><line number="170" hits="0"/><line number="172" hits="0"/><line number="173" hits="0"/><line number="175" hits="0"/><line number="177" hits="0"/><line number="178" hits="0"/><line number="179" hits="0"/><line number="185" hits="3"/><line number="186" hits="4"/><line number="189" hits="2"/><line number="190" hits="2"/><line number="191" hits="1"/><line number="192" hits="1"/><line number="194" hits="1"/><line number="195" hits="2"/><line number="197" hits="0"/><line number="198" hits="0"/><line number="199" hits="0"/><line number="203" hits="2"/><line number="204" hits="2"/><line number="206" hits="0"/><line number="207" hits="0"/><line number="208" hits="0"/><line number="212" hits="1"/><line number="213" hits="1"/><line number="216" hits="1"/><line number="217" hits="0"/><line number="219" hits="2"/><line number="222" hits="1"/><line number="223" hits="2"/><line number="224" hits="2"/><line number="225" hits="0"/><line number="226" hits="0"/><line number="227" hits="1"/><line number="228" hits="1"/><line number="233" hits="2"/><line number="234" hits="2"/><line number="238" hits="1"/><line number="239" hits="0"/><line number="243" hits="1"/><line number="244" hits="1"/><line number="245" hits="0"/><line number="246" hits="0"/><line number="247" hits="0"/><line number="248" hits="0"/><line number="251" hits="1"/><line number="252" hits="0"/><line number="253" hits="0"/><line number="254" hits="0"/><line number="258" hits="1"/><line number="259" hits="1"/><line number="262" hits="4"/><line number="263" hits="2"/><line number="265" hits="1"/><line number="266" hits="1"/><line number="267" hits="0"/><line number="268" hits="1"/><line number="269" hits="0"/><line number="270" hits="1"/><line number="271" hits="1"/><line number="275" hits="2"/><line number="279" hits="2"/><line number="280" hits="1"/><line number="283" hits="2"/><line number="284" hits="4"/><line number="288" hits="2"/><line number="289" hits="4"/><line number="290" hits="2"/><line number="291" hits="2"/><line number="292" hits="2"/><line number="293" hits="1"/><line number="295" hits="2"/><line number="296" hits="1"/><line number="299" hits="2"/></lines></class></classes></package><package name="src/app/commands/workflow/run" line-rate="0.17543859649122806" branch-rate="0" complexity="0"><classes><class name="issue_routing" filename="src/app/commands/workflow/run/issue_routing.rs" line-rate="0.8333333333333334" branch-rate="0" complexity="0"><methods/><lines><line number="7" hits="1"/><line number="11" hits="2"/><line number="12" hits="0"/><line number="15" hits="1"/><line number="16" hits="2"/><line number="18" hits="2"/><line number="19" hits="1"/><line number="20" hits="0"/><line number="23" hits="2"/><line number="24" hits="0"/><line number="27" hits="1"/><line number="28" hits="2"/><line number="30" hits="4"/><line number="31" hits="4"/><line number="32" hits="1"/><line number="36" hits="2"/><line number="37" hits="1"/><line number="38" hits="1"/><line number="39" hits="1"/><line number="40" hits="0"/><line number="42" hits="1"/><line number="43" hits="1"/><line number="47" hits="1"/><line number="48" hits="1"/></lines></class><class name="layer_executor" filename="src/app/commands/workflow/run/layer_executor.rs" line-rate="0" branch-rate="0" complexity="0"><methods/><lines><line number="12" hits="0"/><line number="22" hits="0"/><line number="24" hits="0"/><line number="25" hits="0"/><line number="26" hits="0"/><line number="27" hits="0"/><line number="28" hits="0"/><line number="29" hits="0"/><line number="30" hits="0"/><line number="35" hits="0"/><line number="52" hits="0"/><line number="56" hits="0"/><line number="57" hits="0"/><line number="59" hits="0"/><line number="63" hits="0"/><line number="75" hits="0"/><line number="76" hits="0"/><line number="77" hits="0"/><line number="86" hits="0"/><line number="90" hits="0"/><line number="91" hits="0"/><line number="93" hits="0"/><line number="97" hits="0"/><line number="98" hits="0"/><line number="99" hits="0"/><line number="100" hits="0"/><line number="102" hits="0"/><line number="103" hits="0"/><line number="104" hits="0"/><line number="105" hits="0"/><line number="106" hits="0"/><line number="109" hits="0"/><line number="113" hits="0"/><line number="124" hits="0"/><line number="127" hits="0"/><line number="129" hits="0"/><line number="130" hits="0"/><line number="131" hits="0"/><line number="135" hits="0"/><line number="136" hits="0"/><line number="137" hits="0"/><line number="138" hits="0"/><line number="140" hits="0"/><line number="141" hits="0"/><line number="145" hits="0"/><line number="146" hits="0"/><line number="147" hits="0"/><line number="151" hits="0"/><line number="153" hits="0"/><line number="154" hits="0"/><line number="158" hits="0"/><line number="159" hits="0"/><line number="162" hits="0"/><line number="163" hits="0"/><line number="166" hits="0"/><line number="170" hits="0"/><line number="181" hits="0"/><line number="183" hits="0"/><line number="185" hits="0"/><line number="186" hits="0"/><line number="187" hits="0"/><line number="190" hits="0"/><line number="192" hits="0"/><line number="196" hits="0"/><line number="197" hits="0"/><line number="201" hits="0"/><line number="202" hits="0"/><line number="203" hits="0"/><line number="204" hits="0"/><line number="205" hits="0"/><line number="207" hits="0"/><line number="210" hits="0"/></lines></class><class name="mod" filename="src/app/commands/workflow/run/mod.rs" line-rate="0" branch-rate="0" complexity="0"><methods/><lines><line number="19" hits="0"/><line number="29" hits="0"/><line number="30" hits="0"/><line number="33" hits="0"/><line number="36" hits="0"/><line number="37" hits="0"/><line number="38" hits="0"/><line number="41" hits="0"/><line number="42" hits="0"/><line number="44" hits="0"/><line number="46" hits="0"/><line number="50" hits="0"/><line number="52" hits="0"/><line number="53" hits="0"/><line number="54" hits="0"/><line number="55" hits="0"/><line number="56" hits="0"/><line number="57" hits="0"/></lines></class></classes></package><package name="src/app/commands/workflow/gh/issue" line-rate="1" branch-rate="0" complexity="0"><classes><class name="label_innovator" filename="src/app/commands/workflow/gh/issue/label_innovator.rs" line-rate="1" branch-rate="0" complexity="0"><methods/><lines><line number="34" hits="2"/><line number="38" hits="4"/><line number="39" hits="4"/><line number="42" hits="4"/><line number="43" hits="2"/><line number="46" hits="2"/><line number="47" hits="2"/><line number="49" hits="2"/><line number="52" hits="2"/><line number="53" hits="2"/><line number="54" hits="4"/></lines></class></classes></package><package name="src/domain/workspace/paths" line-rate="0.9411764705882353" branch-rate="0" complexity="0"><classes><class name="jlo" filename="src/domain/workspace/paths/jlo.rs" line-rate="1" branch-rate="0" complexity="0"><methods/><lines><line number="11" hits="2"/><line number="12" hits="2"/><line number="16" hits="2"/><line number="17" hits="2"/><line number="21" hits="3"/><line number="22" hits="3"/><line number="28" hits="2"/><line number="29" hits="2"/><line number="33" hits="2"/><line number="34" hits="2"/><line number="38" hits="1"/><line number="39" hits="1"/><line number="43" hits="1"/><line number="44" hits="1"/></lines></class><class name="jules" filename="src/domain/workspace/paths/jules.rs" line-rate="0.9259259259259259" branch-rate="0" complexity="0"><methods/><lines><line number="10" hits="2"/><line number="11" hits="2"/><line number="15" hits="2"/><line number="16" hits="2"/><line number="20" hits="2"/><line number="21" hits="2"/><line number="25" hits="1"/><line number="26" hits="1"/><line number="32" hits="2"/><line number="33" hits="2"/><line number="37" hits="2"/><line number="38" hits="2"/><line number="42" hits="2"/><line number="43" hits="2"/><line number="47" hits="2"/><line number="48" hits="2"/><line number="52" hits="2"/><line number="53" hits="2"/><line number="57" hits="2"/><line number="58" hits="2"/><line number="62" hits="2"/><line number="63" hits="2"/><line number="67" hits="1"/><line number="68" hits="1"/><line number="72" hits="2"/><line number="73" hits="2"/><line number="79" hits="2"/><line number="80" hits="2"/><line number="86" hits="2"/><line number="87" hits="2"/><line number="91" hits="2"/><line number="92" hits="2"/><line number="96" hits="2"/><line number="97" hits="2"/><line number="101" hits="1"/><line number="102" hits="1"/><line number="106" hits="2"/><line number="107" hits="2"/><line number="111" hits="2"/><line number="112" hits="2"/><line number="116" hits="2"/><line number="117" hits="2"/><line number="121" hits="1"/><line number="122" hits="1"/><line number="126" hits="0"/><line number="127" hits="0"/><line number="131" hits="1"/><line number="132" hits="1"/><line number="136" hits="0"/><line number="137" hits="0"/><line number="141" hits="1"/><line number="142" hits="1"/><line number="148" hits="2"/><line number="149" hits="2"/></lines></class></classes></package><package name="src/ports" line-rate="1" branch-rate="0" complexity="0"><classes><class name="jules_client" filename="src/ports/jules_client.rs" line-rate="1" branch-rate="0" complexity="0"><methods/><lines><line number="36" hits="1"/><line number="37" hits="1"/><line number="38" hits="1"/><line number="39" hits="1"/><line number="40" hits="1"/></lines></class></classes></package></packages></coverage>